1 вариант:  
Создать индексы на БД, которые ускорят доступ к данным.  
В данном задании тренируются навыки:  

    определения узких мест
    написания запросов для создания индекса
    оптимизации Необходимо:

    Создать индекс к какой-либо из таблиц вашей БД
    Прислать текстом результат команды explain, в которой используется данный индекс
      
      create table t(a integer, b text, c boolean);
      
      insert into t(a,b,c)
      select s.id, chr((32+random()*94)::integer), random() < 0.01
      from generate_series(1,100000) as s(id)
      order by random();
      
      create index on t(a);
      
      explain analyze select * from t where a = 1;
                                                QUERY PLAN                                                 
      -----------------------------------------------------------------------------------------------------------
       Index Scan using t_a_idx on t  (cost=0.29..8.31 rows=1 width=7) (actual time=0.058..0.059 rows=1 loops=1)
         Index Cond: (a = 1)
       Planning Time: 0.064 ms
       Execution Time: 0.075 ms
      (4 rows)

        
    Реализовать индекс для полнотекстового поиска
    Реализовать индекс на часть таблицы или индекс на поле с функцией
    Создать индекс на несколько полей
    Написать комментарии к каждому из индексов
    Описать что и как делали и с какими проблемами столкнулись
